<?xml version="1.0" encoding="UTF-8"?>
<!-- Generated by org.testng.reporters.JUnitReportReporter -->
<testsuite skipped="0" hostname="DESKTOP-3SUJPVT" name="com.inetBanking.testCases.TC_AddCustTest_003" tests="1" failures="0" timestamp="04 Feb 2019 12:47:19 GMT" time="33.962" errors="0">
  <testcase name="addNewCustomerTest" time="33.962" classname="com.inetBanking.testCases.TC_AddCustTest_003"/>
</testsuite> <!-- com.inetBanking.testCases.TC_AddCustTest_003 -->
